2023-08-07T10:36:16.506+01:00  INFO 15956 --- [restartedMain] c.e.g.GestionEmpleadosApplication        : Starting GestionEmpleadosApplication using Java 19.0.2 with PID 15956 (C:\Users\a895464\Downloads\gestion-empleados\target\classes started by a895464 in C:\Users\a895464\Downloads\gestion-empleados)
2023-08-07T10:36:16.519+01:00  INFO 15956 --- [restartedMain] c.e.g.GestionEmpleadosApplication        : No active profile set, falling back to 1 default profile: "default"
2023-08-07T10:36:16.632+01:00  INFO 15956 --- [restartedMain] .e.DevToolsPropertyDefaultsPostProcessor : Devtools property defaults active! Set 'spring.devtools.add-properties' to 'false' to disable
2023-08-07T10:36:16.632+01:00  INFO 15956 --- [restartedMain] .e.DevToolsPropertyDefaultsPostProcessor : For additional web related logging consider setting the 'logging.level.web' property to 'DEBUG'
2023-08-07T10:36:18.285+01:00  INFO 15956 --- [restartedMain] .s.d.r.c.RepositoryConfigurationDelegate : Bootstrapping Spring Data JPA repositories in DEFAULT mode.
2023-08-07T10:36:18.457+01:00  INFO 15956 --- [restartedMain] .s.d.r.c.RepositoryConfigurationDelegate : Finished Spring Data repository scanning in 150 ms. Found 5 JPA repository interfaces.
2023-08-07T10:36:20.323+01:00  INFO 15956 --- [restartedMain] o.s.b.w.embedded.tomcat.TomcatWebServer  : Tomcat initialized with port(s): 8080 (http)
2023-08-07T10:36:20.356+01:00  INFO 15956 --- [restartedMain] o.apache.catalina.core.StandardService   : Starting service [Tomcat]
2023-08-07T10:36:20.358+01:00  INFO 15956 --- [restartedMain] o.apache.catalina.core.StandardEngine    : Starting Servlet engine: [Apache Tomcat/10.1.11]
2023-08-07T10:36:20.509+01:00  INFO 15956 --- [restartedMain] o.a.c.c.C.[Tomcat].[localhost].[/]       : Initializing Spring embedded WebApplicationContext
2023-08-07T10:36:20.510+01:00  INFO 15956 --- [restartedMain] w.s.c.ServletWebServerApplicationContext : Root WebApplicationContext: initialization completed in 3876 ms
2023-08-07T10:36:20.899+01:00  INFO 15956 --- [restartedMain] o.hibernate.jpa.internal.util.LogHelper  : HHH000204: Processing PersistenceUnitInfo [name: default]
2023-08-07T10:36:21.079+01:00  INFO 15956 --- [restartedMain] org.hibernate.Version                    : HHH000412: Hibernate ORM core version 6.1.7.Final
2023-08-07T10:36:21.700+01:00  INFO 15956 --- [restartedMain] com.zaxxer.hikari.HikariDataSource       : HikariPool-1 - Starting...
2023-08-07T10:36:22.131+01:00  INFO 15956 --- [restartedMain] com.zaxxer.hikari.pool.HikariPool        : HikariPool-1 - Added connection org.postgresql.jdbc.PgConnection@53a727e3
2023-08-07T10:36:22.134+01:00  INFO 15956 --- [restartedMain] com.zaxxer.hikari.HikariDataSource       : HikariPool-1 - Start completed.
2023-08-07T10:36:22.220+01:00  INFO 15956 --- [restartedMain] SQL dialect                              : HHH000400: Using dialect: org.hibernate.dialect.PostgreSQLDialect
2023-08-07T10:36:24.764+01:00  INFO 15956 --- [restartedMain] o.h.e.t.j.p.i.JtaPlatformInitiator       : HHH000490: Using JtaPlatform implementation: [org.hibernate.engine.transaction.jta.platform.internal.NoJtaPlatform]
2023-08-07T10:36:24.798+01:00  INFO 15956 --- [restartedMain] j.LocalContainerEntityManagerFactoryBean : Initialized JPA EntityManagerFactory for persistence unit 'default'
2023-08-07T10:36:25.726+01:00  WARN 15956 --- [restartedMain] JpaBaseConfiguration$JpaWebConfiguration : spring.jpa.open-in-view is enabled by default. Therefore, database queries may be performed during view rendering. Explicitly configure spring.jpa.open-in-view to disable this warning
2023-08-07T10:36:26.283+01:00  INFO 15956 --- [restartedMain] o.s.s.web.DefaultSecurityFilterChain     : Will secure any request with [org.springframework.security.web.session.DisableEncodeUrlFilter@f71f3a8, org.springframework.security.web.context.request.async.WebAsyncManagerIntegrationFilter@5080963d, org.springframework.security.web.context.SecurityContextHolderFilter@24822a81, org.springframework.security.web.header.HeaderWriterFilter@110baca1, org.springframework.web.filter.CorsFilter@7ec08bf0, org.springframework.security.web.authentication.logout.LogoutFilter@4640cc5d, com.eviden.gestionempleados.security.JwtAuthorizationFilter@69dd91bc, com.eviden.gestionempleados.security.JwtAuthenticationFilter@7f108bf6, org.springframework.security.web.savedrequest.RequestCacheAwareFilter@1ace19a8, org.springframework.security.web.servletapi.SecurityContextHolderAwareRequestFilter@18ee9b61, org.springframework.security.web.authentication.AnonymousAuthenticationFilter@7f7cdb0f, org.springframework.security.web.session.SessionManagementFilter@5146eae7, org.springframework.security.web.access.ExceptionTranslationFilter@7e0b19d7, org.springframework.security.web.access.intercept.AuthorizationFilter@5bb42b1]
2023-08-07T10:36:26.721+01:00  INFO 15956 --- [restartedMain] o.s.b.d.a.OptionalLiveReloadServer       : LiveReload server is running on port 35729
2023-08-07T10:36:26.790+01:00  INFO 15956 --- [restartedMain] o.s.b.w.embedded.tomcat.TomcatWebServer  : Tomcat started on port(s): 8080 (http) with context path ''
2023-08-07T10:36:26.809+01:00  INFO 15956 --- [restartedMain] c.e.g.GestionEmpleadosApplication        : Started GestionEmpleadosApplication in 11.111 seconds (process running for 12.053)
2023-08-07T10:36:48.677+01:00  INFO 15956 --- [http-nio-8080-exec-1] o.a.c.c.C.[Tomcat].[localhost].[/]       : Initializing Spring DispatcherServlet 'dispatcherServlet'
2023-08-07T10:36:48.678+01:00  INFO 15956 --- [http-nio-8080-exec-1] o.s.web.servlet.DispatcherServlet        : Initializing Servlet 'dispatcherServlet'
2023-08-07T10:36:48.682+01:00  INFO 15956 --- [http-nio-8080-exec-1] o.s.web.servlet.DispatcherServlet        : Completed initialization in 4 ms
2023-08-07T10:37:02.931+01:00  WARN 15956 --- [http-nio-8080-exec-2] .w.s.m.a.ResponseStatusExceptionResolver : Resolved [org.springframework.web.server.ResponseStatusException: 500 INTERNAL_SERVER_ERROR "Error al crear la evaluacion"]
2023-08-07T10:46:30.954+01:00  INFO 15956 --- [SpringApplicationShutdownHook] j.LocalContainerEntityManagerFactoryBean : Closing JPA EntityManagerFactory for persistence unit 'default'
2023-08-07T10:46:30.960+01:00  INFO 15956 --- [SpringApplicationShutdownHook] com.zaxxer.hikari.HikariDataSource       : HikariPool-1 - Shutdown initiated...
2023-08-07T10:46:30.964+01:00  INFO 15956 --- [SpringApplicationShutdownHook] com.zaxxer.hikari.HikariDataSource       : HikariPool-1 - Shutdown completed.
2023-08-07T10:46:41.050+01:00  INFO 336 --- [restartedMain] c.e.g.GestionEmpleadosApplication        : Starting GestionEmpleadosApplication using Java 19.0.2 with PID 336 (C:\Users\a895464\Downloads\gestion-empleados\target\classes started by a895464 in C:\Users\a895464\Downloads\gestion-empleados)
2023-08-07T10:46:41.052+01:00  INFO 336 --- [restartedMain] c.e.g.GestionEmpleadosApplication        : No active profile set, falling back to 1 default profile: "default"
2023-08-07T10:46:41.131+01:00  INFO 336 --- [restartedMain] .e.DevToolsPropertyDefaultsPostProcessor : Devtools property defaults active! Set 'spring.devtools.add-properties' to 'false' to disable
2023-08-07T10:46:41.131+01:00  INFO 336 --- [restartedMain] .e.DevToolsPropertyDefaultsPostProcessor : For additional web related logging consider setting the 'logging.level.web' property to 'DEBUG'
2023-08-07T10:46:42.376+01:00  INFO 336 --- [restartedMain] .s.d.r.c.RepositoryConfigurationDelegate : Bootstrapping Spring Data JPA repositories in DEFAULT mode.
2023-08-07T10:46:42.501+01:00  INFO 336 --- [restartedMain] .s.d.r.c.RepositoryConfigurationDelegate : Finished Spring Data repository scanning in 113 ms. Found 5 JPA repository interfaces.
2023-08-07T10:46:44.026+01:00  INFO 336 --- [restartedMain] o.s.b.w.embedded.tomcat.TomcatWebServer  : Tomcat initialized with port(s): 8080 (http)
2023-08-07T10:46:44.056+01:00  INFO 336 --- [restartedMain] o.apache.catalina.core.StandardService   : Starting service [Tomcat]
2023-08-07T10:46:44.057+01:00  INFO 336 --- [restartedMain] o.apache.catalina.core.StandardEngine    : Starting Servlet engine: [Apache Tomcat/10.1.11]
2023-08-07T10:46:44.297+01:00  INFO 336 --- [restartedMain] o.a.c.c.C.[Tomcat].[localhost].[/]       : Initializing Spring embedded WebApplicationContext
2023-08-07T10:46:44.298+01:00  INFO 336 --- [restartedMain] w.s.c.ServletWebServerApplicationContext : Root WebApplicationContext: initialization completed in 3166 ms
2023-08-07T10:46:44.768+01:00  INFO 336 --- [restartedMain] o.hibernate.jpa.internal.util.LogHelper  : HHH000204: Processing PersistenceUnitInfo [name: default]
2023-08-07T10:46:44.891+01:00  INFO 336 --- [restartedMain] org.hibernate.Version                    : HHH000412: Hibernate ORM core version 6.1.7.Final
2023-08-07T10:46:45.557+01:00  INFO 336 --- [restartedMain] com.zaxxer.hikari.HikariDataSource       : HikariPool-1 - Starting...
2023-08-07T10:46:46.075+01:00  INFO 336 --- [restartedMain] com.zaxxer.hikari.pool.HikariPool        : HikariPool-1 - Added connection org.postgresql.jdbc.PgConnection@6003fe95
2023-08-07T10:46:46.078+01:00  INFO 336 --- [restartedMain] com.zaxxer.hikari.HikariDataSource       : HikariPool-1 - Start completed.
2023-08-07T10:46:46.143+01:00  INFO 336 --- [restartedMain] SQL dialect                              : HHH000400: Using dialect: org.hibernate.dialect.PostgreSQLDialect
2023-08-07T10:46:48.523+01:00  INFO 336 --- [restartedMain] o.h.e.t.j.p.i.JtaPlatformInitiator       : HHH000490: Using JtaPlatform implementation: [org.hibernate.engine.transaction.jta.platform.internal.NoJtaPlatform]
2023-08-07T10:46:48.532+01:00  INFO 336 --- [restartedMain] j.LocalContainerEntityManagerFactoryBean : Initialized JPA EntityManagerFactory for persistence unit 'default'
2023-08-07T10:46:49.381+01:00  WARN 336 --- [restartedMain] JpaBaseConfiguration$JpaWebConfiguration : spring.jpa.open-in-view is enabled by default. Therefore, database queries may be performed during view rendering. Explicitly configure spring.jpa.open-in-view to disable this warning
2023-08-07T10:46:49.952+01:00  INFO 336 --- [restartedMain] o.s.s.web.DefaultSecurityFilterChain     : Will secure any request with [org.springframework.security.web.session.DisableEncodeUrlFilter@6f1ef631, org.springframework.security.web.context.request.async.WebAsyncManagerIntegrationFilter@2283f7f9, org.springframework.security.web.context.SecurityContextHolderFilter@36b00aa6, org.springframework.security.web.header.HeaderWriterFilter@6899eab9, org.springframework.web.filter.CorsFilter@33bb2953, org.springframework.security.web.authentication.logout.LogoutFilter@49a0831f, com.eviden.gestionempleados.security.JwtAuthorizationFilter@60c87a2, com.eviden.gestionempleados.security.JwtAuthenticationFilter@31f5a264, org.springframework.security.web.savedrequest.RequestCacheAwareFilter@4323409d, org.springframework.security.web.servletapi.SecurityContextHolderAwareRequestFilter@73570b16, org.springframework.security.web.authentication.AnonymousAuthenticationFilter@29427515, org.springframework.security.web.session.SessionManagementFilter@66eb676c, org.springframework.security.web.access.ExceptionTranslationFilter@199ca0f3, org.springframework.security.web.access.intercept.AuthorizationFilter@7277f4e7]
2023-08-07T10:46:50.368+01:00  INFO 336 --- [restartedMain] o.s.b.d.a.OptionalLiveReloadServer       : LiveReload server is running on port 35729
2023-08-07T10:46:50.416+01:00  INFO 336 --- [restartedMain] o.s.b.w.embedded.tomcat.TomcatWebServer  : Tomcat started on port(s): 8080 (http) with context path ''
2023-08-07T10:46:50.436+01:00  INFO 336 --- [restartedMain] c.e.g.GestionEmpleadosApplication        : Started GestionEmpleadosApplication in 10.08 seconds (process running for 10.929)
2023-08-07T10:47:54.927+01:00  INFO 336 --- [http-nio-8080-exec-1] o.a.c.c.C.[Tomcat].[localhost].[/]       : Initializing Spring DispatcherServlet 'dispatcherServlet'
2023-08-07T10:47:54.928+01:00  INFO 336 --- [http-nio-8080-exec-1] o.s.web.servlet.DispatcherServlet        : Initializing Servlet 'dispatcherServlet'
2023-08-07T10:47:54.932+01:00  INFO 336 --- [http-nio-8080-exec-1] o.s.web.servlet.DispatcherServlet        : Completed initialization in 4 ms
2023-08-07T10:49:18.347+01:00 ERROR 336 --- [http-nio-8080-exec-5] c.e.gestionempleados.security.JwtUtils   : Token invalido, error: JWT expired at 2023-08-05T13:09:55Z. Current time: 2023-08-07T09:49:18Z, a difference of 160763345 milliseconds.  Allowed clock skew: 0 milliseconds.
2023-08-07T10:49:21.342+01:00 ERROR 336 --- [http-nio-8080-exec-7] c.e.gestionempleados.security.JwtUtils   : Token invalido, error: JWT expired at 2023-08-05T13:09:55Z. Current time: 2023-08-07T09:49:21Z, a difference of 160766341 milliseconds.  Allowed clock skew: 0 milliseconds.
2023-08-07T10:49:21.362+01:00 ERROR 336 --- [http-nio-8080-exec-8] c.e.gestionempleados.security.JwtUtils   : Token invalido, error: JWT expired at 2023-08-05T13:09:55Z. Current time: 2023-08-07T09:49:21Z, a difference of 160766361 milliseconds.  Allowed clock skew: 0 milliseconds.
2023-08-07T10:49:34.575+01:00 ERROR 336 --- [http-nio-8080-exec-10] c.e.gestionempleados.security.JwtUtils   : Token invalido, error: JWT expired at 2023-08-05T13:09:55Z. Current time: 2023-08-07T09:49:34Z, a difference of 160779574 milliseconds.  Allowed clock skew: 0 milliseconds.
2023-08-07T10:50:05.173+01:00  WARN 336 --- [http-nio-8080-exec-5] .w.s.m.a.ResponseStatusExceptionResolver : Resolved [org.springframework.web.server.ResponseStatusException: 500 INTERNAL_SERVER_ERROR "Error al obtener el usuario"]
2023-08-07T10:50:05.173+01:00  WARN 336 --- [http-nio-8080-exec-9] .w.s.m.a.ResponseStatusExceptionResolver : Resolved [org.springframework.web.server.ResponseStatusException: 500 INTERNAL_SERVER_ERROR "Error al obtener el usuario"]
2023-08-07T10:50:05.195+01:00  WARN 336 --- [http-nio-8080-exec-4] .w.s.m.a.ResponseStatusExceptionResolver : Resolved [org.springframework.web.server.ResponseStatusException: 500 INTERNAL_SERVER_ERROR "Error al obtener el usuario"]
2023-08-07T10:50:40.487+01:00  WARN 336 --- [http-nio-8080-exec-9] .w.s.m.a.ResponseStatusExceptionResolver : Resolved [org.springframework.web.server.ResponseStatusException: 500 INTERNAL_SERVER_ERROR "Error al actualizar el empleado"]
2023-08-07T10:52:11.543+01:00  INFO 336 --- [SpringApplicationShutdownHook] j.LocalContainerEntityManagerFactoryBean : Closing JPA EntityManagerFactory for persistence unit 'default'
2023-08-07T10:52:11.557+01:00  INFO 336 --- [SpringApplicationShutdownHook] com.zaxxer.hikari.HikariDataSource       : HikariPool-1 - Shutdown initiated...
2023-08-07T10:52:11.567+01:00  INFO 336 --- [SpringApplicationShutdownHook] com.zaxxer.hikari.HikariDataSource       : HikariPool-1 - Shutdown completed.
2023-08-07T10:52:20.509+01:00  INFO 21792 --- [restartedMain] c.e.g.GestionEmpleadosApplication        : Starting GestionEmpleadosApplication using Java 19.0.2 with PID 21792 (C:\Users\a895464\Downloads\gestion-empleados\target\classes started by a895464 in C:\Users\a895464\Downloads\gestion-empleados)
2023-08-07T10:52:20.513+01:00  INFO 21792 --- [restartedMain] c.e.g.GestionEmpleadosApplication        : No active profile set, falling back to 1 default profile: "default"
2023-08-07T10:52:20.592+01:00  INFO 21792 --- [restartedMain] .e.DevToolsPropertyDefaultsPostProcessor : Devtools property defaults active! Set 'spring.devtools.add-properties' to 'false' to disable
2023-08-07T10:52:20.593+01:00  INFO 21792 --- [restartedMain] .e.DevToolsPropertyDefaultsPostProcessor : For additional web related logging consider setting the 'logging.level.web' property to 'DEBUG'
2023-08-07T10:52:21.725+01:00  INFO 21792 --- [restartedMain] .s.d.r.c.RepositoryConfigurationDelegate : Bootstrapping Spring Data JPA repositories in DEFAULT mode.
2023-08-07T10:52:21.839+01:00  INFO 21792 --- [restartedMain] .s.d.r.c.RepositoryConfigurationDelegate : Finished Spring Data repository scanning in 98 ms. Found 5 JPA repository interfaces.
2023-08-07T10:52:22.948+01:00  INFO 21792 --- [restartedMain] o.s.b.w.embedded.tomcat.TomcatWebServer  : Tomcat initialized with port(s): 8080 (http)
2023-08-07T10:52:22.963+01:00  INFO 21792 --- [restartedMain] o.apache.catalina.core.StandardService   : Starting service [Tomcat]
2023-08-07T10:52:22.963+01:00  INFO 21792 --- [restartedMain] o.apache.catalina.core.StandardEngine    : Starting Servlet engine: [Apache Tomcat/10.1.11]
2023-08-07T10:52:23.037+01:00  INFO 21792 --- [restartedMain] o.a.c.c.C.[Tomcat].[localhost].[/]       : Initializing Spring embedded WebApplicationContext
2023-08-07T10:52:23.038+01:00  INFO 21792 --- [restartedMain] w.s.c.ServletWebServerApplicationContext : Root WebApplicationContext: initialization completed in 2444 ms
2023-08-07T10:52:23.261+01:00  INFO 21792 --- [restartedMain] o.hibernate.jpa.internal.util.LogHelper  : HHH000204: Processing PersistenceUnitInfo [name: default]
2023-08-07T10:52:23.365+01:00  INFO 21792 --- [restartedMain] org.hibernate.Version                    : HHH000412: Hibernate ORM core version 6.1.7.Final
2023-08-07T10:52:23.716+01:00  INFO 21792 --- [restartedMain] com.zaxxer.hikari.HikariDataSource       : HikariPool-1 - Starting...
2023-08-07T10:52:23.980+01:00  INFO 21792 --- [restartedMain] com.zaxxer.hikari.pool.HikariPool        : HikariPool-1 - Added connection org.postgresql.jdbc.PgConnection@6dad7e3e
2023-08-07T10:52:23.981+01:00  INFO 21792 --- [restartedMain] com.zaxxer.hikari.HikariDataSource       : HikariPool-1 - Start completed.
2023-08-07T10:52:24.019+01:00  INFO 21792 --- [restartedMain] SQL dialect                              : HHH000400: Using dialect: org.hibernate.dialect.PostgreSQLDialect
2023-08-07T10:52:25.702+01:00  INFO 21792 --- [restartedMain] o.h.e.t.j.p.i.JtaPlatformInitiator       : HHH000490: Using JtaPlatform implementation: [org.hibernate.engine.transaction.jta.platform.internal.NoJtaPlatform]
2023-08-07T10:52:25.717+01:00  INFO 21792 --- [restartedMain] j.LocalContainerEntityManagerFactoryBean : Initialized JPA EntityManagerFactory for persistence unit 'default'
2023-08-07T10:52:26.556+01:00  WARN 21792 --- [restartedMain] JpaBaseConfiguration$JpaWebConfiguration : spring.jpa.open-in-view is enabled by default. Therefore, database queries may be performed during view rendering. Explicitly configure spring.jpa.open-in-view to disable this warning
2023-08-07T10:52:27.114+01:00  INFO 21792 --- [restartedMain] o.s.s.web.DefaultSecurityFilterChain     : Will secure any request with [org.springframework.security.web.session.DisableEncodeUrlFilter@3b5b618d, org.springframework.security.web.context.request.async.WebAsyncManagerIntegrationFilter@5220b90e, org.springframework.security.web.context.SecurityContextHolderFilter@77a59e46, org.springframework.security.web.header.HeaderWriterFilter@48b842b5, org.springframework.web.filter.CorsFilter@56162e79, org.springframework.security.web.authentication.logout.LogoutFilter@21789650, com.eviden.gestionempleados.security.JwtAuthorizationFilter@21163e48, com.eviden.gestionempleados.security.JwtAuthenticationFilter@7148bf18, org.springframework.security.web.savedrequest.RequestCacheAwareFilter@4c0fd5ec, org.springframework.security.web.servletapi.SecurityContextHolderAwareRequestFilter@7bb1eaa5, org.springframework.security.web.authentication.AnonymousAuthenticationFilter@117fffb5, org.springframework.security.web.session.SessionManagementFilter@44af14eb, org.springframework.security.web.access.ExceptionTranslationFilter@41f2f, org.springframework.security.web.access.intercept.AuthorizationFilter@32bb7535]
2023-08-07T10:52:27.566+01:00  INFO 21792 --- [restartedMain] o.s.b.d.a.OptionalLiveReloadServer       : LiveReload server is running on port 35729
2023-08-07T10:52:27.639+01:00  INFO 21792 --- [restartedMain] o.s.b.w.embedded.tomcat.TomcatWebServer  : Tomcat started on port(s): 8080 (http) with context path ''
2023-08-07T10:52:27.665+01:00  INFO 21792 --- [restartedMain] c.e.g.GestionEmpleadosApplication        : Started GestionEmpleadosApplication in 7.797 seconds (process running for 8.489)
2023-08-07T10:53:04.488+01:00  INFO 21792 --- [http-nio-8080-exec-2] o.a.c.c.C.[Tomcat].[localhost].[/]       : Initializing Spring DispatcherServlet 'dispatcherServlet'
2023-08-07T10:53:04.489+01:00  INFO 21792 --- [http-nio-8080-exec-2] o.s.web.servlet.DispatcherServlet        : Initializing Servlet 'dispatcherServlet'
2023-08-07T10:53:04.490+01:00  INFO 21792 --- [http-nio-8080-exec-2] o.s.web.servlet.DispatcherServlet        : Completed initialization in 1 ms
2023-08-07T10:53:05.120+01:00  WARN 21792 --- [http-nio-8080-exec-9] .w.s.m.a.ResponseStatusExceptionResolver : Resolved [org.springframework.web.server.ResponseStatusException: 500 INTERNAL_SERVER_ERROR "Error al obtener el usuario"]
2023-08-07T10:53:05.120+01:00  WARN 21792 --- [http-nio-8080-exec-1] .w.s.m.a.ResponseStatusExceptionResolver : Resolved [org.springframework.web.server.ResponseStatusException: 500 INTERNAL_SERVER_ERROR "Error al obtener el usuario"]
2023-08-07T10:53:05.120+01:00  WARN 21792 --- [http-nio-8080-exec-10] .w.s.m.a.ResponseStatusExceptionResolver : Resolved [org.springframework.web.server.ResponseStatusException: 500 INTERNAL_SERVER_ERROR "Error al obtener el usuario"]
2023-08-07T10:53:07.383+01:00  WARN 21792 --- [http-nio-8080-exec-1] .w.s.m.a.ResponseStatusExceptionResolver : Resolved [org.springframework.web.server.ResponseStatusException: 500 INTERNAL_SERVER_ERROR "Error al obtener el usuario"]
2023-08-07T10:53:07.392+01:00  WARN 21792 --- [http-nio-8080-exec-10] .w.s.m.a.ResponseStatusExceptionResolver : Resolved [org.springframework.web.server.ResponseStatusException: 500 INTERNAL_SERVER_ERROR "Error al obtener el usuario"]
2023-08-07T10:53:07.407+01:00  WARN 21792 --- [http-nio-8080-exec-6] .w.s.m.a.ResponseStatusExceptionResolver : Resolved [org.springframework.web.server.ResponseStatusException: 500 INTERNAL_SERVER_ERROR "Error al obtener el usuario"]
2023-08-07T10:54:32.009+01:00  INFO 21792 --- [SpringApplicationShutdownHook] j.LocalContainerEntityManagerFactoryBean : Closing JPA EntityManagerFactory for persistence unit 'default'
2023-08-07T10:54:32.013+01:00  INFO 21792 --- [SpringApplicationShutdownHook] com.zaxxer.hikari.HikariDataSource       : HikariPool-1 - Shutdown initiated...
2023-08-07T10:54:32.021+01:00  INFO 21792 --- [SpringApplicationShutdownHook] com.zaxxer.hikari.HikariDataSource       : HikariPool-1 - Shutdown completed.
2023-08-07T10:54:40.860+01:00  INFO 8600 --- [restartedMain] c.e.g.GestionEmpleadosApplication        : Starting GestionEmpleadosApplication using Java 19.0.2 with PID 8600 (C:\Users\a895464\Downloads\gestion-empleados\target\classes started by a895464 in C:\Users\a895464\Downloads\gestion-empleados)
2023-08-07T10:54:40.862+01:00  INFO 8600 --- [restartedMain] c.e.g.GestionEmpleadosApplication        : No active profile set, falling back to 1 default profile: "default"
2023-08-07T10:54:40.949+01:00  INFO 8600 --- [restartedMain] .e.DevToolsPropertyDefaultsPostProcessor : Devtools property defaults active! Set 'spring.devtools.add-properties' to 'false' to disable
2023-08-07T10:54:40.949+01:00  INFO 8600 --- [restartedMain] .e.DevToolsPropertyDefaultsPostProcessor : For additional web related logging consider setting the 'logging.level.web' property to 'DEBUG'
2023-08-07T10:54:42.093+01:00  INFO 8600 --- [restartedMain] .s.d.r.c.RepositoryConfigurationDelegate : Bootstrapping Spring Data JPA repositories in DEFAULT mode.
2023-08-07T10:54:42.222+01:00  INFO 8600 --- [restartedMain] .s.d.r.c.RepositoryConfigurationDelegate : Finished Spring Data repository scanning in 115 ms. Found 5 JPA repository interfaces.
2023-08-07T10:54:43.419+01:00  INFO 8600 --- [restartedMain] o.s.b.w.embedded.tomcat.TomcatWebServer  : Tomcat initialized with port(s): 8080 (http)
2023-08-07T10:54:43.438+01:00  INFO 8600 --- [restartedMain] o.apache.catalina.core.StandardService   : Starting service [Tomcat]
2023-08-07T10:54:43.438+01:00  INFO 8600 --- [restartedMain] o.apache.catalina.core.StandardEngine    : Starting Servlet engine: [Apache Tomcat/10.1.11]
2023-08-07T10:54:43.535+01:00  INFO 8600 --- [restartedMain] o.a.c.c.C.[Tomcat].[localhost].[/]       : Initializing Spring embedded WebApplicationContext
2023-08-07T10:54:43.535+01:00  INFO 8600 --- [restartedMain] w.s.c.ServletWebServerApplicationContext : Root WebApplicationContext: initialization completed in 2585 ms
2023-08-07T10:54:43.764+01:00  INFO 8600 --- [restartedMain] o.hibernate.jpa.internal.util.LogHelper  : HHH000204: Processing PersistenceUnitInfo [name: default]
2023-08-07T10:54:43.842+01:00  INFO 8600 --- [restartedMain] org.hibernate.Version                    : HHH000412: Hibernate ORM core version 6.1.7.Final
2023-08-07T10:54:44.217+01:00  INFO 8600 --- [restartedMain] com.zaxxer.hikari.HikariDataSource       : HikariPool-1 - Starting...
2023-08-07T10:54:44.530+01:00  INFO 8600 --- [restartedMain] com.zaxxer.hikari.pool.HikariPool        : HikariPool-1 - Added connection org.postgresql.jdbc.PgConnection@6dad7e3e
2023-08-07T10:54:44.532+01:00  INFO 8600 --- [restartedMain] com.zaxxer.hikari.HikariDataSource       : HikariPool-1 - Start completed.
2023-08-07T10:54:44.591+01:00  INFO 8600 --- [restartedMain] SQL dialect                              : HHH000400: Using dialect: org.hibernate.dialect.PostgreSQLDialect
2023-08-07T10:54:46.605+01:00  INFO 8600 --- [restartedMain] o.h.e.t.j.p.i.JtaPlatformInitiator       : HHH000490: Using JtaPlatform implementation: [org.hibernate.engine.transaction.jta.platform.internal.NoJtaPlatform]
2023-08-07T10:54:46.624+01:00  INFO 8600 --- [restartedMain] j.LocalContainerEntityManagerFactoryBean : Initialized JPA EntityManagerFactory for persistence unit 'default'
2023-08-07T10:54:47.425+01:00  WARN 8600 --- [restartedMain] JpaBaseConfiguration$JpaWebConfiguration : spring.jpa.open-in-view is enabled by default. Therefore, database queries may be performed during view rendering. Explicitly configure spring.jpa.open-in-view to disable this warning
2023-08-07T10:54:47.948+01:00  INFO 8600 --- [restartedMain] o.s.s.web.DefaultSecurityFilterChain     : Will secure any request with [org.springframework.security.web.session.DisableEncodeUrlFilter@5caf6ac1, org.springframework.security.web.context.request.async.WebAsyncManagerIntegrationFilter@3b5b618d, org.springframework.security.web.context.SecurityContextHolderFilter@7b617e7, org.springframework.security.web.header.HeaderWriterFilter@63a55a4e, org.springframework.web.filter.CorsFilter@5220b90e, org.springframework.security.web.authentication.logout.LogoutFilter@612e4b, com.eviden.gestionempleados.security.JwtAuthorizationFilter@7135ea0c, com.eviden.gestionempleados.security.JwtAuthenticationFilter@56162e79, org.springframework.security.web.savedrequest.RequestCacheAwareFilter@4b11c415, org.springframework.security.web.servletapi.SecurityContextHolderAwareRequestFilter@4c0fd5ec, org.springframework.security.web.authentication.AnonymousAuthenticationFilter@7148bf18, org.springframework.security.web.session.SessionManagementFilter@64f2823d, org.springframework.security.web.access.ExceptionTranslationFilter@751b3fa0, org.springframework.security.web.access.intercept.AuthorizationFilter@2d09535a]
2023-08-07T10:54:48.354+01:00  INFO 8600 --- [restartedMain] o.s.b.d.a.OptionalLiveReloadServer       : LiveReload server is running on port 35729
2023-08-07T10:54:48.405+01:00  INFO 8600 --- [restartedMain] o.s.b.w.embedded.tomcat.TomcatWebServer  : Tomcat started on port(s): 8080 (http) with context path ''
2023-08-07T10:54:48.427+01:00  INFO 8600 --- [restartedMain] c.e.g.GestionEmpleadosApplication        : Started GestionEmpleadosApplication in 8.199 seconds (process running for 8.881)
2023-08-07T10:56:33.102+01:00  INFO 8600 --- [http-nio-8080-exec-1] o.a.c.c.C.[Tomcat].[localhost].[/]       : Initializing Spring DispatcherServlet 'dispatcherServlet'
2023-08-07T10:56:33.105+01:00  INFO 8600 --- [http-nio-8080-exec-1] o.s.web.servlet.DispatcherServlet        : Initializing Servlet 'dispatcherServlet'
2023-08-07T10:56:33.109+01:00  INFO 8600 --- [http-nio-8080-exec-1] o.s.web.servlet.DispatcherServlet        : Completed initialization in 4 ms
2023-08-07T10:56:33.244+01:00 ERROR 8600 --- [http-nio-8080-exec-1] c.e.gestionempleados.security.JwtUtils   : Token invalido, error: JWT expired at 2023-08-04T11:36:58Z. Current time: 2023-08-07T09:56:33Z, a difference of 253175242 milliseconds.  Allowed clock skew: 0 milliseconds.
2023-08-07T10:58:50.209+01:00  WARN 8600 --- [http-nio-8080-exec-3] .w.s.m.a.ResponseStatusExceptionResolver : Resolved [org.springframework.web.server.ResponseStatusException: 500 INTERNAL_SERVER_ERROR "Error al crear la evaluacion"]
2023-08-07T11:00:28.174+01:00  INFO 8600 --- [SpringApplicationShutdownHook] j.LocalContainerEntityManagerFactoryBean : Closing JPA EntityManagerFactory for persistence unit 'default'
2023-08-07T11:00:28.181+01:00  INFO 8600 --- [SpringApplicationShutdownHook] com.zaxxer.hikari.HikariDataSource       : HikariPool-1 - Shutdown initiated...
2023-08-07T11:00:28.190+01:00  INFO 8600 --- [SpringApplicationShutdownHook] com.zaxxer.hikari.HikariDataSource       : HikariPool-1 - Shutdown completed.
2023-08-07T11:00:34.136+01:00  INFO 11916 --- [restartedMain] c.e.g.GestionEmpleadosApplication        : Starting GestionEmpleadosApplication using Java 19.0.2 with PID 11916 (C:\Users\a895464\Downloads\gestion-empleados\target\classes started by a895464 in C:\Users\a895464\Downloads\gestion-empleados)
2023-08-07T11:00:34.140+01:00  INFO 11916 --- [restartedMain] c.e.g.GestionEmpleadosApplication        : No active profile set, falling back to 1 default profile: "default"
2023-08-07T11:00:34.233+01:00  INFO 11916 --- [restartedMain] .e.DevToolsPropertyDefaultsPostProcessor : Devtools property defaults active! Set 'spring.devtools.add-properties' to 'false' to disable
2023-08-07T11:00:34.235+01:00  INFO 11916 --- [restartedMain] .e.DevToolsPropertyDefaultsPostProcessor : For additional web related logging consider setting the 'logging.level.web' property to 'DEBUG'
2023-08-07T11:00:35.723+01:00  INFO 11916 --- [restartedMain] .s.d.r.c.RepositoryConfigurationDelegate : Bootstrapping Spring Data JPA repositories in DEFAULT mode.
2023-08-07T11:00:35.878+01:00  INFO 11916 --- [restartedMain] .s.d.r.c.RepositoryConfigurationDelegate : Finished Spring Data repository scanning in 141 ms. Found 5 JPA repository interfaces.
2023-08-07T11:00:37.687+01:00  INFO 11916 --- [restartedMain] o.s.b.w.embedded.tomcat.TomcatWebServer  : Tomcat initialized with port(s): 8080 (http)
2023-08-07T11:00:37.714+01:00  INFO 11916 --- [restartedMain] o.apache.catalina.core.StandardService   : Starting service [Tomcat]
2023-08-07T11:00:37.715+01:00  INFO 11916 --- [restartedMain] o.apache.catalina.core.StandardEngine    : Starting Servlet engine: [Apache Tomcat/10.1.11]
2023-08-07T11:00:37.864+01:00  INFO 11916 --- [restartedMain] o.a.c.c.C.[Tomcat].[localhost].[/]       : Initializing Spring embedded WebApplicationContext
2023-08-07T11:00:37.865+01:00  INFO 11916 --- [restartedMain] w.s.c.ServletWebServerApplicationContext : Root WebApplicationContext: initialization completed in 3629 ms
2023-08-07T11:00:38.231+01:00  INFO 11916 --- [restartedMain] o.hibernate.jpa.internal.util.LogHelper  : HHH000204: Processing PersistenceUnitInfo [name: default]
2023-08-07T11:00:38.418+01:00  INFO 11916 --- [restartedMain] org.hibernate.Version                    : HHH000412: Hibernate ORM core version 6.1.7.Final
2023-08-07T11:00:39.004+01:00  INFO 11916 --- [restartedMain] com.zaxxer.hikari.HikariDataSource       : HikariPool-1 - Starting...
2023-08-07T11:00:39.409+01:00  INFO 11916 --- [restartedMain] com.zaxxer.hikari.pool.HikariPool        : HikariPool-1 - Added connection org.postgresql.jdbc.PgConnection@471f2bfd
2023-08-07T11:00:39.415+01:00  INFO 11916 --- [restartedMain] com.zaxxer.hikari.HikariDataSource       : HikariPool-1 - Start completed.
2023-08-07T11:00:39.479+01:00  INFO 11916 --- [restartedMain] SQL dialect                              : HHH000400: Using dialect: org.hibernate.dialect.PostgreSQLDialect
2023-08-07T11:00:41.882+01:00  INFO 11916 --- [restartedMain] o.h.e.t.j.p.i.JtaPlatformInitiator       : HHH000490: Using JtaPlatform implementation: [org.hibernate.engine.transaction.jta.platform.internal.NoJtaPlatform]
2023-08-07T11:00:41.906+01:00  INFO 11916 --- [restartedMain] j.LocalContainerEntityManagerFactoryBean : Initialized JPA EntityManagerFactory for persistence unit 'default'
2023-08-07T11:00:59.499+01:00  WARN 11916 --- [restartedMain] JpaBaseConfiguration$JpaWebConfiguration : spring.jpa.open-in-view is enabled by default. Therefore, database queries may be performed during view rendering. Explicitly configure spring.jpa.open-in-view to disable this warning
2023-08-07T11:01:38.909+01:00  INFO 11916 --- [restartedMain] o.s.s.web.DefaultSecurityFilterChain     : Will secure any request with [org.springframework.security.web.session.DisableEncodeUrlFilter@487d300, org.springframework.security.web.context.request.async.WebAsyncManagerIntegrationFilter@48dc994a, org.springframework.security.web.context.SecurityContextHolderFilter@20e522, org.springframework.security.web.header.HeaderWriterFilter@3959b051, org.springframework.web.filter.CorsFilter@3bfc8d85, org.springframework.security.web.authentication.logout.LogoutFilter@2dd0abd7, com.eviden.gestionempleados.security.JwtAuthorizationFilter@559d0f88, com.eviden.gestionempleados.security.JwtAuthenticationFilter@53183e53, org.springframework.security.web.savedrequest.RequestCacheAwareFilter@4a566f90, org.springframework.security.web.servletapi.SecurityContextHolderAwareRequestFilter@4c251e4f, org.springframework.security.web.authentication.AnonymousAuthenticationFilter@693df8e3, org.springframework.security.web.session.SessionManagementFilter@d79438f, org.springframework.security.web.access.ExceptionTranslationFilter@6327c682, org.springframework.security.web.access.intercept.AuthorizationFilter@33bfe507]
2023-08-07T11:01:39.344+01:00  INFO 11916 --- [restartedMain] o.s.b.d.a.OptionalLiveReloadServer       : LiveReload server is running on port 35729
2023-08-07T11:01:39.409+01:00  INFO 11916 --- [restartedMain] o.s.b.w.embedded.tomcat.TomcatWebServer  : Tomcat started on port(s): 8080 (http) with context path ''
2023-08-07T11:01:39.430+01:00  INFO 11916 --- [restartedMain] c.e.g.GestionEmpleadosApplication        : Started GestionEmpleadosApplication in 66.049 seconds (process running for 67.727)
2023-08-07T11:01:55.613+01:00  INFO 11916 --- [http-nio-8080-exec-1] o.a.c.c.C.[Tomcat].[localhost].[/]       : Initializing Spring DispatcherServlet 'dispatcherServlet'
2023-08-07T11:01:55.631+01:00  INFO 11916 --- [http-nio-8080-exec-1] o.s.web.servlet.DispatcherServlet        : Initializing Servlet 'dispatcherServlet'
2023-08-07T11:01:56.395+01:00  INFO 11916 --- [http-nio-8080-exec-1] o.s.web.servlet.DispatcherServlet        : Completed initialization in 750 ms
2023-08-07T11:02:20.113+01:00  WARN 11916 --- [http-nio-8080-exec-1] .w.s.m.a.ResponseStatusExceptionResolver : Resolved [org.springframework.web.server.ResponseStatusException: 500 INTERNAL_SERVER_ERROR "Error al crear la evaluacion"]
2023-08-07T11:02:25.401+01:00  INFO 11916 --- [SpringApplicationShutdownHook] j.LocalContainerEntityManagerFactoryBean : Closing JPA EntityManagerFactory for persistence unit 'default'
2023-08-07T11:02:25.417+01:00  INFO 11916 --- [SpringApplicationShutdownHook] com.zaxxer.hikari.HikariDataSource       : HikariPool-1 - Shutdown initiated...
2023-08-07T11:02:25.442+01:00  INFO 11916 --- [SpringApplicationShutdownHook] com.zaxxer.hikari.HikariDataSource       : HikariPool-1 - Shutdown completed.
2023-08-07T11:02:31.265+01:00  INFO 22400 --- [restartedMain] c.e.g.GestionEmpleadosApplication        : Starting GestionEmpleadosApplication using Java 19.0.2 with PID 22400 (C:\Users\a895464\Downloads\gestion-empleados\target\classes started by a895464 in C:\Users\a895464\Downloads\gestion-empleados)
2023-08-07T11:02:31.268+01:00  INFO 22400 --- [restartedMain] c.e.g.GestionEmpleadosApplication        : No active profile set, falling back to 1 default profile: "default"
2023-08-07T11:02:31.404+01:00  INFO 22400 --- [restartedMain] .e.DevToolsPropertyDefaultsPostProcessor : Devtools property defaults active! Set 'spring.devtools.add-properties' to 'false' to disable
2023-08-07T11:02:31.404+01:00  INFO 22400 --- [restartedMain] .e.DevToolsPropertyDefaultsPostProcessor : For additional web related logging consider setting the 'logging.level.web' property to 'DEBUG'
2023-08-07T11:02:33.157+01:00  INFO 22400 --- [restartedMain] .s.d.r.c.RepositoryConfigurationDelegate : Bootstrapping Spring Data JPA repositories in DEFAULT mode.
2023-08-07T11:02:33.308+01:00  INFO 22400 --- [restartedMain] .s.d.r.c.RepositoryConfigurationDelegate : Finished Spring Data repository scanning in 134 ms. Found 5 JPA repository interfaces.
2023-08-07T11:02:35.118+01:00  INFO 22400 --- [restartedMain] o.s.b.w.embedded.tomcat.TomcatWebServer  : Tomcat initialized with port(s): 8080 (http)
2023-08-07T11:02:35.151+01:00  INFO 22400 --- [restartedMain] o.apache.catalina.core.StandardService   : Starting service [Tomcat]
2023-08-07T11:02:35.152+01:00  INFO 22400 --- [restartedMain] o.apache.catalina.core.StandardEngine    : Starting Servlet engine: [Apache Tomcat/10.1.11]
2023-08-07T11:02:35.294+01:00  INFO 22400 --- [restartedMain] o.a.c.c.C.[Tomcat].[localhost].[/]       : Initializing Spring embedded WebApplicationContext
2023-08-07T11:02:35.295+01:00  INFO 22400 --- [restartedMain] w.s.c.ServletWebServerApplicationContext : Root WebApplicationContext: initialization completed in 3890 ms
2023-08-07T11:02:35.622+01:00  INFO 22400 --- [restartedMain] o.hibernate.jpa.internal.util.LogHelper  : HHH000204: Processing PersistenceUnitInfo [name: default]
2023-08-07T11:02:35.728+01:00  INFO 22400 --- [restartedMain] org.hibernate.Version                    : HHH000412: Hibernate ORM core version 6.1.7.Final
2023-08-07T11:02:36.290+01:00  INFO 22400 --- [restartedMain] com.zaxxer.hikari.HikariDataSource       : HikariPool-1 - Starting...
2023-08-07T11:02:36.669+01:00  INFO 22400 --- [restartedMain] com.zaxxer.hikari.pool.HikariPool        : HikariPool-1 - Added connection org.postgresql.jdbc.PgConnection@21187937
2023-08-07T11:02:36.673+01:00  INFO 22400 --- [restartedMain] com.zaxxer.hikari.HikariDataSource       : HikariPool-1 - Start completed.
2023-08-07T11:02:36.736+01:00  INFO 22400 --- [restartedMain] SQL dialect                              : HHH000400: Using dialect: org.hibernate.dialect.PostgreSQLDialect
2023-08-07T11:02:38.997+01:00  INFO 22400 --- [restartedMain] o.h.e.t.j.p.i.JtaPlatformInitiator       : HHH000490: Using JtaPlatform implementation: [org.hibernate.engine.transaction.jta.platform.internal.NoJtaPlatform]
2023-08-07T11:02:39.009+01:00  INFO 22400 --- [restartedMain] j.LocalContainerEntityManagerFactoryBean : Initialized JPA EntityManagerFactory for persistence unit 'default'
2023-08-07T11:02:40.137+01:00  WARN 22400 --- [restartedMain] JpaBaseConfiguration$JpaWebConfiguration : spring.jpa.open-in-view is enabled by default. Therefore, database queries may be performed during view rendering. Explicitly configure spring.jpa.open-in-view to disable this warning
2023-08-07T11:02:40.776+01:00  INFO 22400 --- [restartedMain] o.s.s.web.DefaultSecurityFilterChain     : Will secure any request with [org.springframework.security.web.session.DisableEncodeUrlFilter@1c95c006, org.springframework.security.web.context.request.async.WebAsyncManagerIntegrationFilter@33adb552, org.springframework.security.web.context.SecurityContextHolderFilter@61dc7837, org.springframework.security.web.header.HeaderWriterFilter@d2974e9, org.springframework.web.filter.CorsFilter@49aa9616, org.springframework.security.web.authentication.logout.LogoutFilter@589a6e0f, com.eviden.gestionempleados.security.JwtAuthorizationFilter@b05a830, com.eviden.gestionempleados.security.JwtAuthenticationFilter@ee67eb8, org.springframework.security.web.savedrequest.RequestCacheAwareFilter@5f2440a, org.springframework.security.web.servletapi.SecurityContextHolderAwareRequestFilter@142687f9, org.springframework.security.web.authentication.AnonymousAuthenticationFilter@3cc11a92, org.springframework.security.web.session.SessionManagementFilter@5c754da9, org.springframework.security.web.access.ExceptionTranslationFilter@4b6be7c4, org.springframework.security.web.access.intercept.AuthorizationFilter@7dda59a7]
2023-08-07T11:02:41.204+01:00  INFO 22400 --- [restartedMain] o.s.b.d.a.OptionalLiveReloadServer       : LiveReload server is running on port 35729
2023-08-07T11:02:41.280+01:00  INFO 22400 --- [restartedMain] o.s.b.w.embedded.tomcat.TomcatWebServer  : Tomcat started on port(s): 8080 (http) with context path ''
2023-08-07T11:02:41.362+01:00  INFO 22400 --- [restartedMain] c.e.g.GestionEmpleadosApplication        : Started GestionEmpleadosApplication in 11.054 seconds (process running for 12.334)
2023-08-07T11:02:44.638+01:00  INFO 22400 --- [http-nio-8080-exec-2] o.a.c.c.C.[Tomcat].[localhost].[/]       : Initializing Spring DispatcherServlet 'dispatcherServlet'
2023-08-07T11:02:44.639+01:00  INFO 22400 --- [http-nio-8080-exec-2] o.s.web.servlet.DispatcherServlet        : Initializing Servlet 'dispatcherServlet'
2023-08-07T11:02:44.645+01:00  INFO 22400 --- [http-nio-8080-exec-2] o.s.web.servlet.DispatcherServlet        : Completed initialization in 5 ms
2023-08-07T11:02:45.633+01:00  WARN 22400 --- [http-nio-8080-exec-2] .w.s.m.a.ResponseStatusExceptionResolver : Resolved [org.springframework.web.server.ResponseStatusException: 500 INTERNAL_SERVER_ERROR "Error al crear la evaluacion"]
2023-08-07T11:04:27.664+01:00  WARN 22400 --- [HikariPool-1 housekeeper] com.zaxxer.hikari.pool.HikariPool        : HikariPool-1 - Thread starvation or clock leap detected (housekeeper delta=50s872ms761µs900ns).
2023-08-07T11:06:11.219+01:00  WARN 22400 --- [HikariPool-1 housekeeper] com.zaxxer.hikari.pool.HikariPool        : HikariPool-1 - Thread starvation or clock leap detected (housekeeper delta=1m5s518ms523µs500ns).
2023-08-07T11:09:36.770+01:00  WARN 22400 --- [HikariPool-1 housekeeper] com.zaxxer.hikari.pool.HikariPool        : HikariPool-1 - Thread starvation or clock leap detected (housekeeper delta=2m42s636ms897µs900ns).
2023-08-07T11:09:36.777+01:00  WARN 22400 --- [http-nio-8080-exec-3] .w.s.m.a.ResponseStatusExceptionResolver : Resolved [org.springframework.web.server.ResponseStatusException: 500 INTERNAL_SERVER_ERROR "Error al crear la evaluacion"]
2023-08-07T11:09:36.852+01:00  INFO 22400 --- [SpringApplicationShutdownHook] j.LocalContainerEntityManagerFactoryBean : Closing JPA EntityManagerFactory for persistence unit 'default'
2023-08-07T11:09:36.859+01:00  INFO 22400 --- [SpringApplicationShutdownHook] com.zaxxer.hikari.HikariDataSource       : HikariPool-1 - Shutdown initiated...
2023-08-07T11:09:36.867+01:00  INFO 22400 --- [SpringApplicationShutdownHook] com.zaxxer.hikari.HikariDataSource       : HikariPool-1 - Shutdown completed.
2023-08-07T11:09:45.712+01:00  INFO 12036 --- [restartedMain] c.e.g.GestionEmpleadosApplication        : Starting GestionEmpleadosApplication using Java 19.0.2 with PID 12036 (C:\Users\a895464\Downloads\gestion-empleados\target\classes started by a895464 in C:\Users\a895464\Downloads\gestion-empleados)
2023-08-07T11:09:45.715+01:00  INFO 12036 --- [restartedMain] c.e.g.GestionEmpleadosApplication        : No active profile set, falling back to 1 default profile: "default"
2023-08-07T11:09:45.807+01:00  INFO 12036 --- [restartedMain] .e.DevToolsPropertyDefaultsPostProcessor : Devtools property defaults active! Set 'spring.devtools.add-properties' to 'false' to disable
2023-08-07T11:09:45.808+01:00  INFO 12036 --- [restartedMain] .e.DevToolsPropertyDefaultsPostProcessor : For additional web related logging consider setting the 'logging.level.web' property to 'DEBUG'
2023-08-07T11:09:47.103+01:00  INFO 12036 --- [restartedMain] .s.d.r.c.RepositoryConfigurationDelegate : Bootstrapping Spring Data JPA repositories in DEFAULT mode.
2023-08-07T11:09:47.271+01:00  INFO 12036 --- [restartedMain] .s.d.r.c.RepositoryConfigurationDelegate : Finished Spring Data repository scanning in 150 ms. Found 5 JPA repository interfaces.
2023-08-07T11:09:49.198+01:00  INFO 12036 --- [restartedMain] o.s.b.w.embedded.tomcat.TomcatWebServer  : Tomcat initialized with port(s): 8080 (http)
2023-08-07T11:09:49.230+01:00  INFO 12036 --- [restartedMain] o.apache.catalina.core.StandardService   : Starting service [Tomcat]
2023-08-07T11:09:49.231+01:00  INFO 12036 --- [restartedMain] o.apache.catalina.core.StandardEngine    : Starting Servlet engine: [Apache Tomcat/10.1.11]
2023-08-07T11:09:49.425+01:00  INFO 12036 --- [restartedMain] o.a.c.c.C.[Tomcat].[localhost].[/]       : Initializing Spring embedded WebApplicationContext
2023-08-07T11:09:49.426+01:00  INFO 12036 --- [restartedMain] w.s.c.ServletWebServerApplicationContext : Root WebApplicationContext: initialization completed in 3617 ms
2023-08-07T11:09:49.762+01:00  INFO 12036 --- [restartedMain] o.hibernate.jpa.internal.util.LogHelper  : HHH000204: Processing PersistenceUnitInfo [name: default]
2023-08-07T11:09:49.912+01:00  INFO 12036 --- [restartedMain] org.hibernate.Version                    : HHH000412: Hibernate ORM core version 6.1.7.Final
2023-08-07T11:09:50.545+01:00  INFO 12036 --- [restartedMain] com.zaxxer.hikari.HikariDataSource       : HikariPool-1 - Starting...
2023-08-07T11:09:50.990+01:00  INFO 12036 --- [restartedMain] com.zaxxer.hikari.pool.HikariPool        : HikariPool-1 - Added connection org.postgresql.jdbc.PgConnection@4b7240a7
2023-08-07T11:09:50.993+01:00  INFO 12036 --- [restartedMain] com.zaxxer.hikari.HikariDataSource       : HikariPool-1 - Start completed.
2023-08-07T11:09:51.047+01:00  INFO 12036 --- [restartedMain] SQL dialect                              : HHH000400: Using dialect: org.hibernate.dialect.PostgreSQLDialect
2023-08-07T11:09:53.935+01:00  INFO 12036 --- [restartedMain] o.h.e.t.j.p.i.JtaPlatformInitiator       : HHH000490: Using JtaPlatform implementation: [org.hibernate.engine.transaction.jta.platform.internal.NoJtaPlatform]
2023-08-07T11:09:53.952+01:00  INFO 12036 --- [restartedMain] j.LocalContainerEntityManagerFactoryBean : Initialized JPA EntityManagerFactory for persistence unit 'default'
2023-08-07T11:09:55.221+01:00  WARN 12036 --- [restartedMain] JpaBaseConfiguration$JpaWebConfiguration : spring.jpa.open-in-view is enabled by default. Therefore, database queries may be performed during view rendering. Explicitly configure spring.jpa.open-in-view to disable this warning
2023-08-07T11:09:56.177+01:00  INFO 12036 --- [restartedMain] o.s.s.web.DefaultSecurityFilterChain     : Will secure any request with [org.springframework.security.web.session.DisableEncodeUrlFilter@2f5836e, org.springframework.security.web.context.request.async.WebAsyncManagerIntegrationFilter@332a83d2, org.springframework.security.web.context.SecurityContextHolderFilter@505e44be, org.springframework.security.web.header.HeaderWriterFilter@6a5a4f76, org.springframework.web.filter.CorsFilter@151ed772, org.springframework.security.web.authentication.logout.LogoutFilter@54cded59, com.eviden.gestionempleados.security.JwtAuthorizationFilter@55f13163, com.eviden.gestionempleados.security.JwtAuthenticationFilter@41418798, org.springframework.security.web.savedrequest.RequestCacheAwareFilter@745dd9ff, org.springframework.security.web.servletapi.SecurityContextHolderAwareRequestFilter@7b6cf41a, org.springframework.security.web.authentication.AnonymousAuthenticationFilter@6f81822d, org.springframework.security.web.session.SessionManagementFilter@5321c94d, org.springframework.security.web.access.ExceptionTranslationFilter@4a2f995c, org.springframework.security.web.access.intercept.AuthorizationFilter@659a9e9c]
2023-08-07T11:09:56.689+01:00  INFO 12036 --- [restartedMain] o.s.b.d.a.OptionalLiveReloadServer       : LiveReload server is running on port 35729
2023-08-07T11:09:56.767+01:00  INFO 12036 --- [restartedMain] o.s.b.w.embedded.tomcat.TomcatWebServer  : Tomcat started on port(s): 8080 (http) with context path ''
2023-08-07T11:09:56.791+01:00  INFO 12036 --- [restartedMain] c.e.g.GestionEmpleadosApplication        : Started GestionEmpleadosApplication in 11.908 seconds (process running for 12.845)
2023-08-07T11:10:25.084+01:00  INFO 12036 --- [http-nio-8080-exec-1] o.a.c.c.C.[Tomcat].[localhost].[/]       : Initializing Spring DispatcherServlet 'dispatcherServlet'
2023-08-07T11:10:25.085+01:00  INFO 12036 --- [http-nio-8080-exec-1] o.s.web.servlet.DispatcherServlet        : Initializing Servlet 'dispatcherServlet'
2023-08-07T11:10:25.088+01:00  INFO 12036 --- [http-nio-8080-exec-1] o.s.web.servlet.DispatcherServlet        : Completed initialization in 3 ms
2023-08-07T11:10:44.524+01:00  INFO 12036 --- [SpringApplicationShutdownHook] j.LocalContainerEntityManagerFactoryBean : Closing JPA EntityManagerFactory for persistence unit 'default'
2023-08-07T11:10:44.539+01:00  INFO 12036 --- [SpringApplicationShutdownHook] com.zaxxer.hikari.HikariDataSource       : HikariPool-1 - Shutdown initiated...
2023-08-07T11:10:44.571+01:00  INFO 12036 --- [SpringApplicationShutdownHook] com.zaxxer.hikari.HikariDataSource       : HikariPool-1 - Shutdown completed.
2023-08-07T11:10:50.196+01:00  INFO 12880 --- [restartedMain] c.e.g.GestionEmpleadosApplication        : Starting GestionEmpleadosApplication using Java 19.0.2 with PID 12880 (C:\Users\a895464\Downloads\gestion-empleados\target\classes started by a895464 in C:\Users\a895464\Downloads\gestion-empleados)
2023-08-07T11:10:50.199+01:00  INFO 12880 --- [restartedMain] c.e.g.GestionEmpleadosApplication        : No active profile set, falling back to 1 default profile: "default"
2023-08-07T11:10:50.283+01:00  INFO 12880 --- [restartedMain] .e.DevToolsPropertyDefaultsPostProcessor : Devtools property defaults active! Set 'spring.devtools.add-properties' to 'false' to disable
2023-08-07T11:10:50.283+01:00  INFO 12880 --- [restartedMain] .e.DevToolsPropertyDefaultsPostProcessor : For additional web related logging consider setting the 'logging.level.web' property to 'DEBUG'
2023-08-07T11:10:51.664+01:00  INFO 12880 --- [restartedMain] .s.d.r.c.RepositoryConfigurationDelegate : Bootstrapping Spring Data JPA repositories in DEFAULT mode.
2023-08-07T11:10:51.853+01:00  INFO 12880 --- [restartedMain] .s.d.r.c.RepositoryConfigurationDelegate : Finished Spring Data repository scanning in 171 ms. Found 5 JPA repository interfaces.
2023-08-07T11:10:53.373+01:00  INFO 12880 --- [restartedMain] o.s.b.w.embedded.tomcat.TomcatWebServer  : Tomcat initialized with port(s): 8080 (http)
2023-08-07T11:10:53.393+01:00  INFO 12880 --- [restartedMain] o.apache.catalina.core.StandardService   : Starting service [Tomcat]
2023-08-07T11:10:53.394+01:00  INFO 12880 --- [restartedMain] o.apache.catalina.core.StandardEngine    : Starting Servlet engine: [Apache Tomcat/10.1.11]
2023-08-07T11:10:53.521+01:00  INFO 12880 --- [restartedMain] o.a.c.c.C.[Tomcat].[localhost].[/]       : Initializing Spring embedded WebApplicationContext
2023-08-07T11:10:53.523+01:00  INFO 12880 --- [restartedMain] w.s.c.ServletWebServerApplicationContext : Root WebApplicationContext: initialization completed in 3237 ms
2023-08-07T11:10:53.858+01:00  INFO 12880 --- [restartedMain] o.hibernate.jpa.internal.util.LogHelper  : HHH000204: Processing PersistenceUnitInfo [name: default]
2023-08-07T11:10:53.967+01:00  INFO 12880 --- [restartedMain] org.hibernate.Version                    : HHH000412: Hibernate ORM core version 6.1.7.Final
2023-08-07T11:10:54.689+01:00  INFO 12880 --- [restartedMain] com.zaxxer.hikari.HikariDataSource       : HikariPool-1 - Starting...
2023-08-07T11:10:55.237+01:00  INFO 12880 --- [restartedMain] com.zaxxer.hikari.pool.HikariPool        : HikariPool-1 - Added connection org.postgresql.jdbc.PgConnection@4b7240a7
2023-08-07T11:10:55.242+01:00  INFO 12880 --- [restartedMain] com.zaxxer.hikari.HikariDataSource       : HikariPool-1 - Start completed.
2023-08-07T11:10:55.304+01:00  INFO 12880 --- [restartedMain] SQL dialect                              : HHH000400: Using dialect: org.hibernate.dialect.PostgreSQLDialect
2023-08-07T11:10:58.019+01:00  INFO 12880 --- [restartedMain] o.h.e.t.j.p.i.JtaPlatformInitiator       : HHH000490: Using JtaPlatform implementation: [org.hibernate.engine.transaction.jta.platform.internal.NoJtaPlatform]
2023-08-07T11:10:58.035+01:00  INFO 12880 --- [restartedMain] j.LocalContainerEntityManagerFactoryBean : Initialized JPA EntityManagerFactory for persistence unit 'default'
2023-08-07T11:10:59.140+01:00  WARN 12880 --- [restartedMain] JpaBaseConfiguration$JpaWebConfiguration : spring.jpa.open-in-view is enabled by default. Therefore, database queries may be performed during view rendering. Explicitly configure spring.jpa.open-in-view to disable this warning
2023-08-07T11:10:59.820+01:00  INFO 12880 --- [restartedMain] o.s.s.web.DefaultSecurityFilterChain     : Will secure any request with [org.springframework.security.web.session.DisableEncodeUrlFilter@54a5f9f6, org.springframework.security.web.context.request.async.WebAsyncManagerIntegrationFilter@57d7612f, org.springframework.security.web.context.SecurityContextHolderFilter@6a5a4f76, org.springframework.security.web.header.HeaderWriterFilter@54cd7d5c, org.springframework.web.filter.CorsFilter@659a9e9c, org.springframework.security.web.authentication.logout.LogoutFilter@a4620a2, com.eviden.gestionempleados.security.JwtAuthorizationFilter@21dd70ea, com.eviden.gestionempleados.security.JwtAuthenticationFilter@15566885, org.springframework.security.web.savedrequest.RequestCacheAwareFilter@5321c94d, org.springframework.security.web.servletapi.SecurityContextHolderAwareRequestFilter@1f8cd81b, org.springframework.security.web.authentication.AnonymousAuthenticationFilter@6e475990, org.springframework.security.web.session.SessionManagementFilter@27850457, org.springframework.security.web.access.ExceptionTranslationFilter@316f3b92, org.springframework.security.web.access.intercept.AuthorizationFilter@4368132e]
2023-08-07T11:11:00.350+01:00  INFO 12880 --- [restartedMain] o.s.b.d.a.OptionalLiveReloadServer       : LiveReload server is running on port 35729
2023-08-07T11:11:00.434+01:00  INFO 12880 --- [restartedMain] o.s.b.w.embedded.tomcat.TomcatWebServer  : Tomcat started on port(s): 8080 (http) with context path ''
2023-08-07T11:11:00.460+01:00  INFO 12880 --- [restartedMain] c.e.g.GestionEmpleadosApplication        : Started GestionEmpleadosApplication in 11.125 seconds (process running for 12.103)
2023-08-07T11:11:00.510+01:00  INFO 12880 --- [SpringApplicationShutdownHook] j.LocalContainerEntityManagerFactoryBean : Closing JPA EntityManagerFactory for persistence unit 'default'
2023-08-07T11:11:00.516+01:00  INFO 12880 --- [SpringApplicationShutdownHook] com.zaxxer.hikari.HikariDataSource       : HikariPool-1 - Shutdown initiated...
2023-08-07T11:11:00.524+01:00  INFO 12880 --- [SpringApplicationShutdownHook] com.zaxxer.hikari.HikariDataSource       : HikariPool-1 - Shutdown completed.
2023-08-07T11:11:07.752+01:00  INFO 4944 --- [restartedMain] c.e.g.GestionEmpleadosApplication        : Starting GestionEmpleadosApplication using Java 19.0.2 with PID 4944 (C:\Users\a895464\Downloads\gestion-empleados\target\classes started by a895464 in C:\Users\a895464\Downloads\gestion-empleados)
2023-08-07T11:11:07.755+01:00  INFO 4944 --- [restartedMain] c.e.g.GestionEmpleadosApplication        : No active profile set, falling back to 1 default profile: "default"
2023-08-07T11:11:07.875+01:00  INFO 4944 --- [restartedMain] .e.DevToolsPropertyDefaultsPostProcessor : Devtools property defaults active! Set 'spring.devtools.add-properties' to 'false' to disable
2023-08-07T11:11:07.876+01:00  INFO 4944 --- [restartedMain] .e.DevToolsPropertyDefaultsPostProcessor : For additional web related logging consider setting the 'logging.level.web' property to 'DEBUG'
2023-08-07T11:11:09.149+01:00  INFO 4944 --- [restartedMain] .s.d.r.c.RepositoryConfigurationDelegate : Bootstrapping Spring Data JPA repositories in DEFAULT mode.
2023-08-07T11:11:09.291+01:00  INFO 4944 --- [restartedMain] .s.d.r.c.RepositoryConfigurationDelegate : Finished Spring Data repository scanning in 120 ms. Found 5 JPA repository interfaces.
2023-08-07T11:11:10.733+01:00  INFO 4944 --- [restartedMain] o.s.b.w.embedded.tomcat.TomcatWebServer  : Tomcat initialized with port(s): 8080 (http)
2023-08-07T11:11:10.762+01:00  INFO 4944 --- [restartedMain] o.apache.catalina.core.StandardService   : Starting service [Tomcat]
2023-08-07T11:11:10.763+01:00  INFO 4944 --- [restartedMain] o.apache.catalina.core.StandardEngine    : Starting Servlet engine: [Apache Tomcat/10.1.11]
2023-08-07T11:11:10.887+01:00  INFO 4944 --- [restartedMain] o.a.c.c.C.[Tomcat].[localhost].[/]       : Initializing Spring embedded WebApplicationContext
2023-08-07T11:11:10.889+01:00  INFO 4944 --- [restartedMain] w.s.c.ServletWebServerApplicationContext : Root WebApplicationContext: initialization completed in 3012 ms
2023-08-07T11:11:11.157+01:00  INFO 4944 --- [restartedMain] o.hibernate.jpa.internal.util.LogHelper  : HHH000204: Processing PersistenceUnitInfo [name: default]
2023-08-07T11:11:11.276+01:00  INFO 4944 --- [restartedMain] org.hibernate.Version                    : HHH000412: Hibernate ORM core version 6.1.7.Final
2023-08-07T11:11:11.804+01:00  INFO 4944 --- [restartedMain] com.zaxxer.hikari.HikariDataSource       : HikariPool-1 - Starting...
2023-08-07T11:11:12.197+01:00  INFO 4944 --- [restartedMain] com.zaxxer.hikari.pool.HikariPool        : HikariPool-1 - Added connection org.postgresql.jdbc.PgConnection@76818f63
2023-08-07T11:11:12.200+01:00  INFO 4944 --- [restartedMain] com.zaxxer.hikari.HikariDataSource       : HikariPool-1 - Start completed.
2023-08-07T11:11:12.258+01:00  INFO 4944 --- [restartedMain] SQL dialect                              : HHH000400: Using dialect: org.hibernate.dialect.PostgreSQLDialect
2023-08-07T11:11:14.406+01:00  INFO 4944 --- [restartedMain] o.h.e.t.j.p.i.JtaPlatformInitiator       : HHH000490: Using JtaPlatform implementation: [org.hibernate.engine.transaction.jta.platform.internal.NoJtaPlatform]
2023-08-07T11:11:14.418+01:00  INFO 4944 --- [restartedMain] j.LocalContainerEntityManagerFactoryBean : Initialized JPA EntityManagerFactory for persistence unit 'default'
2023-08-07T11:11:15.330+01:00  WARN 4944 --- [restartedMain] JpaBaseConfiguration$JpaWebConfiguration : spring.jpa.open-in-view is enabled by default. Therefore, database queries may be performed during view rendering. Explicitly configure spring.jpa.open-in-view to disable this warning
2023-08-07T11:11:15.930+01:00  INFO 4944 --- [restartedMain] o.s.s.web.DefaultSecurityFilterChain     : Will secure any request with [org.springframework.security.web.session.DisableEncodeUrlFilter@33f5662c, org.springframework.security.web.context.request.async.WebAsyncManagerIntegrationFilter@54d6b762, org.springframework.security.web.context.SecurityContextHolderFilter@7f7fbbb3, org.springframework.security.web.header.HeaderWriterFilter@328a0e6c, org.springframework.web.filter.CorsFilter@654ac211, org.springframework.security.web.authentication.logout.LogoutFilter@797e6fd8, com.eviden.gestionempleados.security.JwtAuthorizationFilter@4efbbbb4, com.eviden.gestionempleados.security.JwtAuthenticationFilter@c4d8c5d, org.springframework.security.web.savedrequest.RequestCacheAwareFilter@4275fd24, org.springframework.security.web.servletapi.SecurityContextHolderAwareRequestFilter@1d616b, org.springframework.security.web.authentication.AnonymousAuthenticationFilter@14114ffe, org.springframework.security.web.session.SessionManagementFilter@77a59065, org.springframework.security.web.access.ExceptionTranslationFilter@2138fe03, org.springframework.security.web.access.intercept.AuthorizationFilter@2b198ba3]
2023-08-07T11:11:16.383+01:00  INFO 4944 --- [restartedMain] o.s.b.d.a.OptionalLiveReloadServer       : LiveReload server is running on port 35729
2023-08-07T11:11:16.448+01:00  INFO 4944 --- [restartedMain] o.s.b.w.embedded.tomcat.TomcatWebServer  : Tomcat started on port(s): 8080 (http) with context path ''
2023-08-07T11:11:16.469+01:00  INFO 4944 --- [restartedMain] c.e.g.GestionEmpleadosApplication        : Started GestionEmpleadosApplication in 9.449 seconds (process running for 10.244)
2023-08-07T11:11:29.420+01:00  INFO 4944 --- [http-nio-8080-exec-1] o.a.c.c.C.[Tomcat].[localhost].[/]       : Initializing Spring DispatcherServlet 'dispatcherServlet'
2023-08-07T11:11:29.421+01:00  INFO 4944 --- [http-nio-8080-exec-1] o.s.web.servlet.DispatcherServlet        : Initializing Servlet 'dispatcherServlet'
2023-08-07T11:11:29.424+01:00  INFO 4944 --- [http-nio-8080-exec-1] o.s.web.servlet.DispatcherServlet        : Completed initialization in 2 ms
2023-08-07T11:12:53.364+01:00  WARN 4944 --- [http-nio-8080-exec-2] .w.s.m.a.ResponseStatusExceptionResolver : Resolved [org.springframework.web.server.ResponseStatusException: 500 INTERNAL_SERVER_ERROR "Error al obtener el usuario"]
2023-08-07T11:12:53.399+01:00  WARN 4944 --- [http-nio-8080-exec-9] .w.s.m.a.ResponseStatusExceptionResolver : Resolved [org.springframework.web.server.ResponseStatusException: 500 INTERNAL_SERVER_ERROR "Error al obtener el usuario"]
2023-08-07T11:12:53.401+01:00  WARN 4944 --- [http-nio-8080-exec-1] .w.s.m.a.ResponseStatusExceptionResolver : Resolved [org.springframework.web.server.ResponseStatusException: 500 INTERNAL_SERVER_ERROR "Error al obtener el usuario"]
2023-08-07T11:13:28.167+01:00  WARN 4944 --- [http-nio-8080-exec-7] .w.s.m.a.ResponseStatusExceptionResolver : Resolved [org.springframework.web.server.ResponseStatusException: 500 INTERNAL_SERVER_ERROR "Error al obtener el usuario"]
2023-08-07T11:13:28.171+01:00  WARN 4944 --- [http-nio-8080-exec-8] .w.s.m.a.ResponseStatusExceptionResolver : Resolved [org.springframework.web.server.ResponseStatusException: 500 INTERNAL_SERVER_ERROR "Error al obtener el usuario"]
2023-08-07T11:13:28.172+01:00  WARN 4944 --- [http-nio-8080-exec-4] .w.s.m.a.ResponseStatusExceptionResolver : Resolved [org.springframework.web.server.ResponseStatusException: 500 INTERNAL_SERVER_ERROR "Error al obtener el usuario"]
2023-08-07T11:15:07.295+01:00  WARN 4944 --- [http-nio-8080-exec-3] .w.s.m.a.ResponseStatusExceptionResolver : Resolved [org.springframework.web.server.ResponseStatusException: 500 INTERNAL_SERVER_ERROR "Error al obtener el usuario"]
2023-08-07T11:15:07.309+01:00  WARN 4944 --- [http-nio-8080-exec-2] .w.s.m.a.ResponseStatusExceptionResolver : Resolved [org.springframework.web.server.ResponseStatusException: 500 INTERNAL_SERVER_ERROR "Error al obtener el usuario"]
2023-08-07T11:15:07.325+01:00  WARN 4944 --- [http-nio-8080-exec-1] .w.s.m.a.ResponseStatusExceptionResolver : Resolved [org.springframework.web.server.ResponseStatusException: 500 INTERNAL_SERVER_ERROR "Error al obtener el usuario"]
2023-08-07T11:16:08.184+01:00  WARN 4944 --- [http-nio-8080-exec-3] .w.s.m.a.ResponseStatusExceptionResolver : Resolved [org.springframework.web.server.ResponseStatusException: 500 INTERNAL_SERVER_ERROR "Error al actualizar el empleado"]
2023-08-07T11:18:11.242+01:00  INFO 4944 --- [SpringApplicationShutdownHook] j.LocalContainerEntityManagerFactoryBean : Closing JPA EntityManagerFactory for persistence unit 'default'
2023-08-07T11:18:11.252+01:00  INFO 4944 --- [SpringApplicationShutdownHook] com.zaxxer.hikari.HikariDataSource       : HikariPool-1 - Shutdown initiated...
2023-08-07T11:18:11.266+01:00  INFO 4944 --- [SpringApplicationShutdownHook] com.zaxxer.hikari.HikariDataSource       : HikariPool-1 - Shutdown completed.
2023-08-07T11:18:19.724+01:00  INFO 21756 --- [restartedMain] c.e.g.GestionEmpleadosApplication        : Starting GestionEmpleadosApplication using Java 19.0.2 with PID 21756 (C:\Users\a895464\Downloads\gestion-empleados\target\classes started by a895464 in C:\Users\a895464\Downloads\gestion-empleados)
2023-08-07T11:18:19.728+01:00  INFO 21756 --- [restartedMain] c.e.g.GestionEmpleadosApplication        : No active profile set, falling back to 1 default profile: "default"
2023-08-07T11:18:19.822+01:00  INFO 21756 --- [restartedMain] .e.DevToolsPropertyDefaultsPostProcessor : Devtools property defaults active! Set 'spring.devtools.add-properties' to 'false' to disable
2023-08-07T11:18:19.822+01:00  INFO 21756 --- [restartedMain] .e.DevToolsPropertyDefaultsPostProcessor : For additional web related logging consider setting the 'logging.level.web' property to 'DEBUG'
2023-08-07T11:18:21.081+01:00  INFO 21756 --- [restartedMain] .s.d.r.c.RepositoryConfigurationDelegate : Bootstrapping Spring Data JPA repositories in DEFAULT mode.
2023-08-07T11:18:21.198+01:00  INFO 21756 --- [restartedMain] .s.d.r.c.RepositoryConfigurationDelegate : Finished Spring Data repository scanning in 104 ms. Found 5 JPA repository interfaces.
2023-08-07T11:18:22.346+01:00  INFO 21756 --- [restartedMain] o.s.b.w.embedded.tomcat.TomcatWebServer  : Tomcat initialized with port(s): 8080 (http)
2023-08-07T11:18:22.360+01:00  INFO 21756 --- [restartedMain] o.apache.catalina.core.StandardService   : Starting service [Tomcat]
2023-08-07T11:18:22.361+01:00  INFO 21756 --- [restartedMain] o.apache.catalina.core.StandardEngine    : Starting Servlet engine: [Apache Tomcat/10.1.11]
2023-08-07T11:18:22.450+01:00  INFO 21756 --- [restartedMain] o.a.c.c.C.[Tomcat].[localhost].[/]       : Initializing Spring embedded WebApplicationContext
2023-08-07T11:18:22.453+01:00  INFO 21756 --- [restartedMain] w.s.c.ServletWebServerApplicationContext : Root WebApplicationContext: initialization completed in 2631 ms
2023-08-07T11:18:22.723+01:00  INFO 21756 --- [restartedMain] o.hibernate.jpa.internal.util.LogHelper  : HHH000204: Processing PersistenceUnitInfo [name: default]
2023-08-07T11:18:22.795+01:00  INFO 21756 --- [restartedMain] org.hibernate.Version                    : HHH000412: Hibernate ORM core version 6.1.7.Final
2023-08-07T11:18:23.182+01:00  INFO 21756 --- [restartedMain] com.zaxxer.hikari.HikariDataSource       : HikariPool-1 - Starting...
2023-08-07T11:18:23.452+01:00  INFO 21756 --- [restartedMain] com.zaxxer.hikari.pool.HikariPool        : HikariPool-1 - Added connection org.postgresql.jdbc.PgConnection@63b6c8f
2023-08-07T11:18:23.455+01:00  INFO 21756 --- [restartedMain] com.zaxxer.hikari.HikariDataSource       : HikariPool-1 - Start completed.
2023-08-07T11:18:23.502+01:00  INFO 21756 --- [restartedMain] SQL dialect                              : HHH000400: Using dialect: org.hibernate.dialect.PostgreSQLDialect
2023-08-07T11:18:25.367+01:00  INFO 21756 --- [restartedMain] o.h.e.t.j.p.i.JtaPlatformInitiator       : HHH000490: Using JtaPlatform implementation: [org.hibernate.engine.transaction.jta.platform.internal.NoJtaPlatform]
2023-08-07T11:18:25.376+01:00  INFO 21756 --- [restartedMain] j.LocalContainerEntityManagerFactoryBean : Initialized JPA EntityManagerFactory for persistence unit 'default'
2023-08-07T11:18:26.149+01:00  WARN 21756 --- [restartedMain] JpaBaseConfiguration$JpaWebConfiguration : spring.jpa.open-in-view is enabled by default. Therefore, database queries may be performed during view rendering. Explicitly configure spring.jpa.open-in-view to disable this warning
2023-08-07T11:18:26.592+01:00  INFO 21756 --- [restartedMain] o.s.s.web.DefaultSecurityFilterChain     : Will secure any request with [org.springframework.security.web.session.DisableEncodeUrlFilter@49a0831f, org.springframework.security.web.context.request.async.WebAsyncManagerIntegrationFilter@1c30dd05, org.springframework.security.web.context.SecurityContextHolderFilter@6ea456c7, org.springframework.security.web.header.HeaderWriterFilter@a66205, org.springframework.web.filter.CorsFilter@3ee886bc, org.springframework.security.web.authentication.logout.LogoutFilter@659ec3c8, com.eviden.gestionempleados.security.JwtAuthorizationFilter@3607edff, com.eviden.gestionempleados.security.JwtAuthenticationFilter@5778fb21, org.springframework.security.web.savedrequest.RequestCacheAwareFilter@6d4118c3, org.springframework.security.web.servletapi.SecurityContextHolderAwareRequestFilter@5536c0a8, org.springframework.security.web.authentication.AnonymousAuthenticationFilter@1a0d32aa, org.springframework.security.web.session.SessionManagementFilter@5fd9e040, org.springframework.security.web.access.ExceptionTranslationFilter@7e277e56, org.springframework.security.web.access.intercept.AuthorizationFilter@7654622c]
2023-08-07T11:18:26.935+01:00  INFO 21756 --- [restartedMain] o.s.b.d.a.OptionalLiveReloadServer       : LiveReload server is running on port 35729
2023-08-07T11:18:26.992+01:00  INFO 21756 --- [restartedMain] o.s.b.w.embedded.tomcat.TomcatWebServer  : Tomcat started on port(s): 8080 (http) with context path ''
2023-08-07T11:18:27.012+01:00  INFO 21756 --- [restartedMain] c.e.g.GestionEmpleadosApplication        : Started GestionEmpleadosApplication in 7.97 seconds (process running for 8.761)
2023-08-07T11:18:44.919+01:00  INFO 21756 --- [http-nio-8080-exec-2] o.a.c.c.C.[Tomcat].[localhost].[/]       : Initializing Spring DispatcherServlet 'dispatcherServlet'
2023-08-07T11:18:44.920+01:00  INFO 21756 --- [http-nio-8080-exec-2] o.s.web.servlet.DispatcherServlet        : Initializing Servlet 'dispatcherServlet'
2023-08-07T11:18:44.923+01:00  INFO 21756 --- [http-nio-8080-exec-2] o.s.web.servlet.DispatcherServlet        : Completed initialization in 3 ms
2023-08-07T11:18:45.698+01:00  WARN 21756 --- [http-nio-8080-exec-10] .w.s.m.a.ResponseStatusExceptionResolver : Resolved [org.springframework.web.server.ResponseStatusException: 500 INTERNAL_SERVER_ERROR "Error al obtener el usuario"]
2023-08-07T11:18:45.699+01:00  WARN 21756 --- [http-nio-8080-exec-2] .w.s.m.a.ResponseStatusExceptionResolver : Resolved [org.springframework.web.server.ResponseStatusException: 500 INTERNAL_SERVER_ERROR "Error al obtener el usuario"]
2023-08-07T11:18:45.709+01:00  WARN 21756 --- [http-nio-8080-exec-9] .w.s.m.a.ResponseStatusExceptionResolver : Resolved [org.springframework.web.server.ResponseStatusException: 500 INTERNAL_SERVER_ERROR "Error al obtener el usuario"]
2023-08-07T11:18:57.928+01:00  WARN 21756 --- [http-nio-8080-exec-4] .w.s.m.a.ResponseStatusExceptionResolver : Resolved [org.springframework.web.server.ResponseStatusException: 500 INTERNAL_SERVER_ERROR "Error al actualizar el empleado"]
2023-08-07T11:23:13.291+01:00  WARN 21756 --- [http-nio-8080-exec-3] .w.s.m.a.ResponseStatusExceptionResolver : Resolved [org.springframework.web.server.ResponseStatusException: 500 INTERNAL_SERVER_ERROR "Error al obtener el usuario"]
2023-08-07T11:23:13.313+01:00  WARN 21756 --- [http-nio-8080-exec-3] .w.s.m.a.ResponseStatusExceptionResolver : Resolved [org.springframework.web.server.ResponseStatusException: 500 INTERNAL_SERVER_ERROR "Error al obtener el usuario"]
2023-08-07T11:23:13.346+01:00  WARN 21756 --- [http-nio-8080-exec-10] .w.s.m.a.ResponseStatusExceptionResolver : Resolved [org.springframework.web.server.ResponseStatusException: 500 INTERNAL_SERVER_ERROR "Error al obtener el usuario"]
2023-08-07T11:23:33.041+01:00  WARN 21756 --- [http-nio-8080-exec-8] .w.s.m.a.ResponseStatusExceptionResolver : Resolved [org.springframework.web.server.ResponseStatusException: 500 INTERNAL_SERVER_ERROR "Error al obtener el usuario"]
2023-08-07T11:23:33.062+01:00  WARN 21756 --- [http-nio-8080-exec-4] .w.s.m.a.ResponseStatusExceptionResolver : Resolved [org.springframework.web.server.ResponseStatusException: 500 INTERNAL_SERVER_ERROR "Error al obtener el usuario"]
2023-08-07T11:23:33.062+01:00  WARN 21756 --- [http-nio-8080-exec-8] .w.s.m.a.ResponseStatusExceptionResolver : Resolved [org.springframework.web.server.ResponseStatusException: 500 INTERNAL_SERVER_ERROR "Error al obtener el usuario"]
2023-08-07T11:45:45.091+01:00  WARN 21756 --- [http-nio-8080-exec-9] .w.s.m.a.ResponseStatusExceptionResolver : Resolved [org.springframework.web.server.ResponseStatusException: 500 INTERNAL_SERVER_ERROR "Error al actualizar el empleado"]
2023-08-07T11:46:57.744+01:00  WARN 21756 --- [http-nio-8080-exec-1] .w.s.m.a.ResponseStatusExceptionResolver : Resolved [org.springframework.web.server.ResponseStatusException: 500 INTERNAL_SERVER_ERROR "Error al obtener el usuario"]
2023-08-07T11:46:57.744+01:00  WARN 21756 --- [http-nio-8080-exec-2] .w.s.m.a.ResponseStatusExceptionResolver : Resolved [org.springframework.web.server.ResponseStatusException: 500 INTERNAL_SERVER_ERROR "Error al obtener el usuario"]
2023-08-07T11:46:57.747+01:00  WARN 21756 --- [http-nio-8080-exec-9] .w.s.m.a.ResponseStatusExceptionResolver : Resolved [org.springframework.web.server.ResponseStatusException: 500 INTERNAL_SERVER_ERROR "Error al obtener el usuario"]
2023-08-07T11:47:10.442+01:00  WARN 21756 --- [http-nio-8080-exec-8] .w.s.m.a.ResponseStatusExceptionResolver : Resolved [org.springframework.web.server.ResponseStatusException: 500 INTERNAL_SERVER_ERROR "Error al actualizar el empleado"]
2023-08-07T11:48:46.481+01:00  WARN 21756 --- [http-nio-8080-exec-9] .w.s.m.a.ResponseStatusExceptionResolver : Resolved [org.springframework.web.server.ResponseStatusException: 500 INTERNAL_SERVER_ERROR "Error al obtener el usuario"]
2023-08-07T11:48:46.491+01:00  WARN 21756 --- [http-nio-8080-exec-7] .w.s.m.a.ResponseStatusExceptionResolver : Resolved [org.springframework.web.server.ResponseStatusException: 500 INTERNAL_SERVER_ERROR "Error al obtener el usuario"]
2023-08-07T11:48:46.498+01:00  WARN 21756 --- [http-nio-8080-exec-10] .w.s.m.a.ResponseStatusExceptionResolver : Resolved [org.springframework.web.server.ResponseStatusException: 500 INTERNAL_SERVER_ERROR "Error al obtener el usuario"]
2023-08-07T11:48:53.820+01:00  WARN 21756 --- [http-nio-8080-exec-10] .w.s.m.a.ResponseStatusExceptionResolver : Resolved [org.springframework.web.server.ResponseStatusException: 500 INTERNAL_SERVER_ERROR "Error al obtener el usuario"]
2023-08-07T11:48:53.824+01:00  WARN 21756 --- [http-nio-8080-exec-8] .w.s.m.a.ResponseStatusExceptionResolver : Resolved [org.springframework.web.server.ResponseStatusException: 500 INTERNAL_SERVER_ERROR "Error al obtener el usuario"]
2023-08-07T11:48:53.834+01:00  WARN 21756 --- [http-nio-8080-exec-4] .w.s.m.a.ResponseStatusExceptionResolver : Resolved [org.springframework.web.server.ResponseStatusException: 500 INTERNAL_SERVER_ERROR "Error al obtener el usuario"]
2023-08-07T11:50:04.609+01:00  WARN 21756 --- [http-nio-8080-exec-4] .w.s.m.a.ResponseStatusExceptionResolver : Resolved [org.springframework.web.server.ResponseStatusException: 500 INTERNAL_SERVER_ERROR "Error al obtener el usuario"]
2023-08-07T11:50:04.621+01:00  WARN 21756 --- [http-nio-8080-exec-9] .w.s.m.a.ResponseStatusExceptionResolver : Resolved [org.springframework.web.server.ResponseStatusException: 500 INTERNAL_SERVER_ERROR "Error al obtener el usuario"]
2023-08-07T11:50:04.627+01:00  WARN 21756 --- [http-nio-8080-exec-10] .w.s.m.a.ResponseStatusExceptionResolver : Resolved [org.springframework.web.server.ResponseStatusException: 500 INTERNAL_SERVER_ERROR "Error al obtener el usuario"]
2023-08-07T11:54:09.481+01:00  WARN 21756 --- [http-nio-8080-exec-4] .w.s.m.a.ResponseStatusExceptionResolver : Resolved [org.springframework.web.server.ResponseStatusException: 500 INTERNAL_SERVER_ERROR "Error al obtener el usuario"]
2023-08-07T11:54:09.490+01:00  WARN 21756 --- [http-nio-8080-exec-8] .w.s.m.a.ResponseStatusExceptionResolver : Resolved [org.springframework.web.server.ResponseStatusException: 500 INTERNAL_SERVER_ERROR "Error al obtener el usuario"]
2023-08-07T11:54:09.495+01:00  WARN 21756 --- [http-nio-8080-exec-1] .w.s.m.a.ResponseStatusExceptionResolver : Resolved [org.springframework.web.server.ResponseStatusException: 500 INTERNAL_SERVER_ERROR "Error al obtener el usuario"]
2023-08-07T11:55:29.842+01:00  WARN 21756 --- [http-nio-8080-exec-9] .w.s.m.a.ResponseStatusExceptionResolver : Resolved [org.springframework.web.server.ResponseStatusException: 500 INTERNAL_SERVER_ERROR "Error al obtener el usuario"]
2023-08-07T11:55:29.849+01:00  WARN 21756 --- [http-nio-8080-exec-1] .w.s.m.a.ResponseStatusExceptionResolver : Resolved [org.springframework.web.server.ResponseStatusException: 500 INTERNAL_SERVER_ERROR "Error al obtener el usuario"]
2023-08-07T11:55:29.865+01:00  WARN 21756 --- [http-nio-8080-exec-2] .w.s.m.a.ResponseStatusExceptionResolver : Resolved [org.springframework.web.server.ResponseStatusException: 500 INTERNAL_SERVER_ERROR "Error al obtener el usuario"]
2023-08-07T11:55:35.634+01:00  WARN 21756 --- [http-nio-8080-exec-2] .w.s.m.a.ResponseStatusExceptionResolver : Resolved [org.springframework.web.server.ResponseStatusException: 500 INTERNAL_SERVER_ERROR "Error al obtener el usuario"]
2023-08-07T11:55:35.646+01:00  WARN 21756 --- [http-nio-8080-exec-6] .w.s.m.a.ResponseStatusExceptionResolver : Resolved [org.springframework.web.server.ResponseStatusException: 500 INTERNAL_SERVER_ERROR "Error al obtener el usuario"]
2023-08-07T11:55:35.654+01:00  WARN 21756 --- [http-nio-8080-exec-7] .w.s.m.a.ResponseStatusExceptionResolver : Resolved [org.springframework.web.server.ResponseStatusException: 500 INTERNAL_SERVER_ERROR "Error al obtener el usuario"]
2023-08-07T11:55:41.823+01:00  WARN 21756 --- [http-nio-8080-exec-1] .w.s.m.s.DefaultHandlerExceptionResolver : Resolved [org.springframework.web.method.annotation.MethodArgumentTypeMismatchException: Failed to convert value of type 'java.lang.String' to required type 'java.lang.Long'; For input string: "undefined"]
2023-08-07T11:56:25.076+01:00  WARN 21756 --- [http-nio-8080-exec-7] .w.s.m.s.DefaultHandlerExceptionResolver : Resolved [org.springframework.web.method.annotation.MethodArgumentTypeMismatchException: Failed to convert value of type 'java.lang.String' to required type 'java.lang.Long'; For input string: "undefined"]
2023-08-07T11:56:26.110+01:00  WARN 21756 --- [http-nio-8080-exec-2] .w.s.m.a.ResponseStatusExceptionResolver : Resolved [org.springframework.web.server.ResponseStatusException: 500 INTERNAL_SERVER_ERROR "Error al obtener el usuario"]
2023-08-07T11:56:26.120+01:00  WARN 21756 --- [http-nio-8080-exec-1] .w.s.m.a.ResponseStatusExceptionResolver : Resolved [org.springframework.web.server.ResponseStatusException: 500 INTERNAL_SERVER_ERROR "Error al obtener el usuario"]
2023-08-07T11:56:26.122+01:00  WARN 21756 --- [http-nio-8080-exec-7] .w.s.m.a.ResponseStatusExceptionResolver : Resolved [org.springframework.web.server.ResponseStatusException: 500 INTERNAL_SERVER_ERROR "Error al obtener el usuario"]
2023-08-07T11:57:37.967+01:00  WARN 21756 --- [http-nio-8080-exec-7] .w.s.m.s.DefaultHandlerExceptionResolver : Resolved [org.springframework.web.method.annotation.MethodArgumentTypeMismatchException: Failed to convert value of type 'java.lang.String' to required type 'java.lang.Long'; For input string: "undefined"]
2023-08-07T11:57:54.496+01:00  WARN 21756 --- [http-nio-8080-exec-4] .w.s.m.a.ResponseStatusExceptionResolver : Resolved [org.springframework.web.server.ResponseStatusException: 500 INTERNAL_SERVER_ERROR "Error al obtener el usuario"]
2023-08-07T11:57:54.535+01:00  WARN 21756 --- [http-nio-8080-exec-7] .w.s.m.a.ResponseStatusExceptionResolver : Resolved [org.springframework.web.server.ResponseStatusException: 500 INTERNAL_SERVER_ERROR "Error al obtener el usuario"]
2023-08-07T11:57:54.535+01:00  WARN 21756 --- [http-nio-8080-exec-5] .w.s.m.a.ResponseStatusExceptionResolver : Resolved [org.springframework.web.server.ResponseStatusException: 500 INTERNAL_SERVER_ERROR "Error al obtener el usuario"]
2023-08-07T11:58:32.259+01:00  WARN 21756 --- [http-nio-8080-exec-9] .w.s.m.s.DefaultHandlerExceptionResolver : Resolved [org.springframework.web.method.annotation.MethodArgumentTypeMismatchException: Failed to convert value of type 'java.lang.String' to required type 'java.lang.Long'; For input string: "undefined"]
2023-08-07T11:59:04.290+01:00  WARN 21756 --- [http-nio-8080-exec-2] .w.s.m.a.ResponseStatusExceptionResolver : Resolved [org.springframework.web.server.ResponseStatusException: 500 INTERNAL_SERVER_ERROR "Error al obtener el usuario"]
2023-08-07T11:59:04.297+01:00  WARN 21756 --- [http-nio-8080-exec-7] .w.s.m.a.ResponseStatusExceptionResolver : Resolved [org.springframework.web.server.ResponseStatusException: 500 INTERNAL_SERVER_ERROR "Error al obtener el usuario"]
2023-08-07T11:59:04.297+01:00  WARN 21756 --- [http-nio-8080-exec-10] .w.s.m.a.ResponseStatusExceptionResolver : Resolved [org.springframework.web.server.ResponseStatusException: 500 INTERNAL_SERVER_ERROR "Error al obtener el usuario"]
2023-08-07T12:00:57.126+01:00  WARN 21756 --- [http-nio-8080-exec-7] .w.s.m.s.DefaultHandlerExceptionResolver : Resolved [org.springframework.web.method.annotation.MethodArgumentTypeMismatchException: Failed to convert value of type 'java.lang.String' to required type 'java.lang.Long'; For input string: "undefined"]
2023-08-07T12:00:58.342+01:00  WARN 21756 --- [http-nio-8080-exec-4] .w.s.m.a.ResponseStatusExceptionResolver : Resolved [org.springframework.web.server.ResponseStatusException: 500 INTERNAL_SERVER_ERROR "Error al obtener el usuario"]
2023-08-07T12:00:58.352+01:00  WARN 21756 --- [http-nio-8080-exec-6] .w.s.m.a.ResponseStatusExceptionResolver : Resolved [org.springframework.web.server.ResponseStatusException: 500 INTERNAL_SERVER_ERROR "Error al obtener el usuario"]
2023-08-07T12:00:58.358+01:00  WARN 21756 --- [http-nio-8080-exec-7] .w.s.m.a.ResponseStatusExceptionResolver : Resolved [org.springframework.web.server.ResponseStatusException: 500 INTERNAL_SERVER_ERROR "Error al obtener el usuario"]
2023-08-07T12:02:26.245+01:00  WARN 21756 --- [http-nio-8080-exec-1] .w.s.m.a.ResponseStatusExceptionResolver : Resolved [org.springframework.web.server.ResponseStatusException: 500 INTERNAL_SERVER_ERROR "Error al obtener el usuario"]
2023-08-07T12:02:26.248+01:00  WARN 21756 --- [http-nio-8080-exec-9] .w.s.m.a.ResponseStatusExceptionResolver : Resolved [org.springframework.web.server.ResponseStatusException: 500 INTERNAL_SERVER_ERROR "Error al obtener el usuario"]
2023-08-07T12:02:26.253+01:00  WARN 21756 --- [http-nio-8080-exec-2] .w.s.m.a.ResponseStatusExceptionResolver : Resolved [org.springframework.web.server.ResponseStatusException: 500 INTERNAL_SERVER_ERROR "Error al obtener el usuario"]
2023-08-07T12:02:41.018+01:00  WARN 21756 --- [http-nio-8080-exec-2] .w.s.m.a.ResponseStatusExceptionResolver : Resolved [org.springframework.web.server.ResponseStatusException: 500 INTERNAL_SERVER_ERROR "Error al obtener el usuario"]
2023-08-07T12:02:41.032+01:00  WARN 21756 --- [http-nio-8080-exec-4] .w.s.m.a.ResponseStatusExceptionResolver : Resolved [org.springframework.web.server.ResponseStatusException: 500 INTERNAL_SERVER_ERROR "Error al obtener el usuario"]
2023-08-07T12:03:00.615+01:00  WARN 21756 --- [http-nio-8080-exec-10] .w.s.m.a.ResponseStatusExceptionResolver : Resolved [org.springframework.web.server.ResponseStatusException: 500 INTERNAL_SERVER_ERROR "Error al obtener el usuario"]
2023-08-07T12:03:00.615+01:00  WARN 21756 --- [http-nio-8080-exec-6] .w.s.m.a.ResponseStatusExceptionResolver : Resolved [org.springframework.web.server.ResponseStatusException: 500 INTERNAL_SERVER_ERROR "Error al obtener el usuario"]
2023-08-07T12:03:42.672+01:00  WARN 21756 --- [http-nio-8080-exec-9] .w.s.m.a.ResponseStatusExceptionResolver : Resolved [org.springframework.web.server.ResponseStatusException: 500 INTERNAL_SERVER_ERROR "Error al obtener el usuario"]
2023-08-07T12:03:42.678+01:00  WARN 21756 --- [http-nio-8080-exec-3] .w.s.m.a.ResponseStatusExceptionResolver : Resolved [org.springframework.web.server.ResponseStatusException: 500 INTERNAL_SERVER_ERROR "Error al obtener el usuario"]
2023-08-07T12:04:11.817+01:00  WARN 21756 --- [http-nio-8080-exec-4] .w.s.m.a.ResponseStatusExceptionResolver : Resolved [org.springframework.web.server.ResponseStatusException: 500 INTERNAL_SERVER_ERROR "Error al obtener el usuario"]
2023-08-07T12:04:11.820+01:00  WARN 21756 --- [http-nio-8080-exec-10] .w.s.m.a.ResponseStatusExceptionResolver : Resolved [org.springframework.web.server.ResponseStatusException: 500 INTERNAL_SERVER_ERROR "Error al obtener el usuario"]
2023-08-07T12:08:45.693+01:00  WARN 21756 --- [http-nio-8080-exec-7] .w.s.m.a.ResponseStatusExceptionResolver : Resolved [org.springframework.web.server.ResponseStatusException: 500 INTERNAL_SERVER_ERROR "Error al obtener el usuario"]
2023-08-07T12:08:45.698+01:00  WARN 21756 --- [http-nio-8080-exec-1] .w.s.m.a.ResponseStatusExceptionResolver : Resolved [org.springframework.web.server.ResponseStatusException: 500 INTERNAL_SERVER_ERROR "Error al obtener el usuario"]
